[debug] [2019-04-27T21:43:30.663Z] ----------------------------------------------------------------------
[debug] [2019-04-27T21:43:30.665Z] Command:       /usr/local/bin/node /Users/arjan/Repositories/teamwork/functions/node_modules/.bin/firebase serve --only functions
[debug] [2019-04-27T21:43:30.665Z] CLI Version:   6.7.0
[debug] [2019-04-27T21:43:30.665Z] Platform:      darwin
[debug] [2019-04-27T21:43:30.665Z] Node Version:  v8.12.0
[debug] [2019-04-27T21:43:30.665Z] Time:          Sat Apr 27 2019 14:43:30 GMT-0700 (PDT)
[debug] [2019-04-27T21:43:30.665Z] ----------------------------------------------------------------------
[debug] 
[debug] [2019-04-27T21:43:30.673Z] > command requires scopes: ["email","openid","https://www.googleapis.com/auth/cloudplatformprojects.readonly","https://www.googleapis.com/auth/firebase","https://www.googleapis.com/auth/cloud-platform"]
[debug] [2019-04-27T21:43:30.673Z] > authorizing via signed-in user
[debug] [2019-04-27T21:43:30.673Z] [iam] checking project teamwork-dev-74882 for permissions ["firebase.projects.get"]
[debug] [2019-04-27T21:43:30.674Z] > refreshing access token with scopes: ["email","https://www.googleapis.com/auth/cloud-platform","https://www.googleapis.com/auth/cloudplatformprojects.readonly","https://www.googleapis.com/auth/firebase","openid"]
[debug] [2019-04-27T21:43:30.674Z] >>> HTTP REQUEST POST https://www.googleapis.com/oauth2/v3/token  
 <request body omitted>
[debug] [2019-04-27T21:43:30.810Z] <<< HTTP RESPONSE 200
[debug] [2019-04-27T21:43:30.821Z] >>> HTTP REQUEST POST https://cloudresourcemanager.googleapis.com/v1/projects/teamwork-dev-74882:testIamPermissions  

[debug] [2019-04-27T21:43:30.967Z] <<< HTTP RESPONSE 200
[debug] [2019-04-27T21:43:30.968Z] >>> HTTP REQUEST GET https://cloudresourcemanager.googleapis.com/v1/projects/teamwork-dev-74882  
 
[debug] [2019-04-27T21:43:31.544Z] <<< HTTP RESPONSE 200
[info] 
[info] === Serving from '/Users/arjan/Repositories/teamwork'...
[info] 
[info] i  functions: Preparing to emulate functions.
[debug] [2019-04-27T21:43:32.221Z] Fetching environment
[debug] [2019-04-27T21:43:32.224Z] >>> HTTP REQUEST GET https://mobilesdk-pa.googleapis.com/v1/projects/671854349708:getServerAppConfig  
 
[debug] [2019-04-27T21:43:32.406Z] <<< HTTP RESPONSE 200
[debug] [2019-04-27T21:43:32.407Z] Starting @google-cloud/functions-emulator
[debug] [2019-04-27T21:43:33.956Z] Parsing function triggers
[info] ✔  functions: api: http://localhost:5000/teamwork-dev-74882/us-central1/api
[debug] [2019-05-04T02:21:52.663Z] ----------------------------------------------------------------------
[debug] [2019-05-04T02:21:52.664Z] Command:       /usr/local/bin/node /Users/arjan/Repositories/teamwork/functions/node_modules/.bin/firebase serve --only functions
[debug] [2019-05-04T02:21:52.664Z] CLI Version:   6.7.0
[debug] [2019-05-04T02:21:52.664Z] Platform:      darwin
[debug] [2019-05-04T02:21:52.665Z] Node Version:  v8.12.0
[debug] [2019-05-04T02:21:52.665Z] Time:          Fri May 03 2019 19:21:52 GMT-0700 (PDT)
[debug] [2019-05-04T02:21:52.665Z] ----------------------------------------------------------------------
[debug] 
[debug] [2019-05-04T02:21:52.677Z] > command requires scopes: ["email","openid","https://www.googleapis.com/auth/cloudplatformprojects.readonly","https://www.googleapis.com/auth/firebase","https://www.googleapis.com/auth/cloud-platform"]
[debug] [2019-05-04T02:21:52.677Z] > authorizing via signed-in user
[debug] [2019-05-04T02:21:52.677Z] [iam] checking project teamwork-dev-74882 for permissions ["firebase.projects.get"]
[debug] [2019-05-04T02:21:52.678Z] > refreshing access token with scopes: ["email","https://www.googleapis.com/auth/cloud-platform","https://www.googleapis.com/auth/cloudplatformprojects.readonly","https://www.googleapis.com/auth/firebase","openid"]
[debug] [2019-05-04T02:21:52.678Z] >>> HTTP REQUEST POST https://www.googleapis.com/oauth2/v3/token  
 <request body omitted>
[debug] [2019-05-04T02:21:52.832Z] <<< HTTP RESPONSE 200
[debug] [2019-05-04T02:21:52.841Z] >>> HTTP REQUEST POST https://cloudresourcemanager.googleapis.com/v1/projects/teamwork-dev-74882:testIamPermissions  

[debug] [2019-05-04T02:21:53.038Z] <<< HTTP RESPONSE 200
[debug] [2019-05-04T02:21:53.039Z] >>> HTTP REQUEST GET https://cloudresourcemanager.googleapis.com/v1/projects/teamwork-dev-74882  
 
[debug] [2019-05-04T02:21:53.250Z] <<< HTTP RESPONSE 200
[info] 
[info] === Serving from '/Users/arjan/Repositories/teamwork'...
[info] 
[info] i  functions: Preparing to emulate functions.
[debug] [2019-05-04T02:21:53.871Z] Fetching environment
[debug] [2019-05-04T02:21:53.873Z] >>> HTTP REQUEST GET https://mobilesdk-pa.googleapis.com/v1/projects/671854349708:getServerAppConfig  
 
[debug] [2019-05-04T02:21:54.141Z] <<< HTTP RESPONSE 200
[debug] [2019-05-04T02:21:54.142Z] Starting @google-cloud/functions-emulator
[debug] [2019-05-04T02:21:55.185Z] Parsing function triggers
[info] ✔  functions: api: http://localhost:5000/teamwork-dev-74882/us-central1/api
